<?xml version="1.0" encoding="UTF-8"?>
<testsuite xmlns:xsi="http://www.w3.org/2001/XMLSchema-instance" xsi:noNamespaceSchemaLocation="https://maven.apache.org/surefire/maven-surefire-plugin/xsd/surefire-test-report.xsd" name="com.tonnie.ipl.xpto.tracking.telemetry.controller.SensorControllerTest" time="1.227" tests="8" errors="0" skipped="0" failures="0">
  <properties>
    <property name="java.specification.version" value="17"/>
    <property name="sun.jnu.encoding" value="UTF-8"/>
    <property name="java.class.path" value="/Users/carlosfernandes/Projects/ipl/XptoTracking-TelemetryMS/target/test-classes:/Users/carlosfernandes/Projects/ipl/XptoTracking-TelemetryMS/target/classes:/Users/carlosfernandes/.m2/repository/org/springframework/boot/spring-boot-starter-data-jpa/2.7.3/spring-boot-starter-data-jpa-2.7.3.jar:/Users/carlosfernandes/.m2/repository/org/springframework/boot/spring-boot-starter-aop/2.7.3/spring-boot-starter-aop-2.7.3.jar:/Users/carlosfernandes/.m2/repository/org/springframework/spring-aop/5.3.22/spring-aop-5.3.22.jar:/Users/carlosfernandes/.m2/repository/org/aspectj/aspectjweaver/1.9.7/aspectjweaver-1.9.7.jar:/Users/carlosfernandes/.m2/repository/org/springframework/boot/spring-boot-starter-jdbc/2.7.3/spring-boot-starter-jdbc-2.7.3.jar:/Users/carlosfernandes/.m2/repository/com/zaxxer/HikariCP/4.0.3/HikariCP-4.0.3.jar:/Users/carlosfernandes/.m2/repository/org/springframework/spring-jdbc/5.3.22/spring-jdbc-5.3.22.jar:/Users/carlosfernandes/.m2/repository/jakarta/transaction/jakarta.transaction-api/1.3.3/jakarta.transaction-api-1.3.3.jar:/Users/carlosfernandes/.m2/repository/jakarta/persistence/jakarta.persistence-api/2.2.3/jakarta.persistence-api-2.2.3.jar:/Users/carlosfernandes/.m2/repository/org/hibernate/hibernate-core/5.6.10.Final/hibernate-core-5.6.10.Final.jar:/Users/carlosfernandes/.m2/repository/org/jboss/logging/jboss-logging/3.4.3.Final/jboss-logging-3.4.3.Final.jar:/Users/carlosfernandes/.m2/repository/antlr/antlr/2.7.7/antlr-2.7.7.jar:/Users/carlosfernandes/.m2/repository/org/jboss/jandex/2.4.2.Final/jandex-2.4.2.Final.jar:/Users/carlosfernandes/.m2/repository/com/fasterxml/classmate/1.5.1/classmate-1.5.1.jar:/Users/carlosfernandes/.m2/repository/org/hibernate/common/hibernate-commons-annotations/5.1.2.Final/hibernate-commons-annotations-5.1.2.Final.jar:/Users/carlosfernandes/.m2/repository/org/glassfish/jaxb/jaxb-runtime/2.3.6/jaxb-runtime-2.3.6.jar:/Users/carlosfernandes/.m2/repository/org/glassfish/jaxb/txw2/2.3.6/txw2-2.3.6.jar:/Users/carlosfernandes/.m2/repository/com/sun/istack/istack-commons-runtime/3.0.12/istack-commons-runtime-3.0.12.jar:/Users/carlosfernandes/.m2/repository/com/sun/activation/jakarta.activation/1.2.2/jakarta.activation-1.2.2.jar:/Users/carlosfernandes/.m2/repository/org/springframework/data/spring-data-jpa/2.7.2/spring-data-jpa-2.7.2.jar:/Users/carlosfernandes/.m2/repository/org/springframework/data/spring-data-commons/2.7.2/spring-data-commons-2.7.2.jar:/Users/carlosfernandes/.m2/repository/org/springframework/spring-orm/5.3.22/spring-orm-5.3.22.jar:/Users/carlosfernandes/.m2/repository/org/springframework/spring-context/5.3.22/spring-context-5.3.22.jar:/Users/carlosfernandes/.m2/repository/org/springframework/spring-tx/5.3.22/spring-tx-5.3.22.jar:/Users/carlosfernandes/.m2/repository/org/springframework/spring-beans/5.3.22/spring-beans-5.3.22.jar:/Users/carlosfernandes/.m2/repository/org/springframework/spring-aspects/5.3.22/spring-aspects-5.3.22.jar:/Users/carlosfernandes/.m2/repository/org/springframework/boot/spring-boot-starter-web/2.7.3/spring-boot-starter-web-2.7.3.jar:/Users/carlosfernandes/.m2/repository/org/springframework/boot/spring-boot-starter/2.7.3/spring-boot-starter-2.7.3.jar:/Users/carlosfernandes/.m2/repository/org/springframework/boot/spring-boot/2.7.3/spring-boot-2.7.3.jar:/Users/carlosfernandes/.m2/repository/org/springframework/boot/spring-boot-autoconfigure/2.7.3/spring-boot-autoconfigure-2.7.3.jar:/Users/carlosfernandes/.m2/repository/org/springframework/boot/spring-boot-starter-logging/2.7.3/spring-boot-starter-logging-2.7.3.jar:/Users/carlosfernandes/.m2/repository/ch/qos/logback/logback-classic/1.2.11/logback-classic-1.2.11.jar:/Users/carlosfernandes/.m2/repository/ch/qos/logback/logback-core/1.2.11/logback-core-1.2.11.jar:/Users/carlosfernandes/.m2/repository/org/apache/logging/log4j/log4j-to-slf4j/2.17.2/log4j-to-slf4j-2.17.2.jar:/Users/carlosfernandes/.m2/repository/org/apache/logging/log4j/log4j-api/2.17.2/log4j-api-2.17.2.jar:/Users/carlosfernandes/.m2/repository/org/slf4j/jul-to-slf4j/1.7.36/jul-to-slf4j-1.7.36.jar:/Users/carlosfernandes/.m2/repository/jakarta/annotation/jakarta.annotation-api/1.3.5/jakarta.annotation-api-1.3.5.jar:/Users/carlosfernandes/.m2/repository/org/yaml/snakeyaml/1.30/snakeyaml-1.30.jar:/Users/carlosfernandes/.m2/repository/org/springframework/boot/spring-boot-starter-json/2.7.3/spring-boot-starter-json-2.7.3.jar:/Users/carlosfernandes/.m2/repository/com/fasterxml/jackson/datatype/jackson-datatype-jdk8/2.13.3/jackson-datatype-jdk8-2.13.3.jar:/Users/carlosfernandes/.m2/repository/com/fasterxml/jackson/datatype/jackson-datatype-jsr310/2.13.3/jackson-datatype-jsr310-2.13.3.jar:/Users/carlosfernandes/.m2/repository/com/fasterxml/jackson/module/jackson-module-parameter-names/2.13.3/jackson-module-parameter-names-2.13.3.jar:/Users/carlosfernandes/.m2/repository/org/springframework/boot/spring-boot-starter-tomcat/2.7.3/spring-boot-starter-tomcat-2.7.3.jar:/Users/carlosfernandes/.m2/repository/org/apache/tomcat/embed/tomcat-embed-core/9.0.65/tomcat-embed-core-9.0.65.jar:/Users/carlosfernandes/.m2/repository/org/apache/tomcat/embed/tomcat-embed-websocket/9.0.65/tomcat-embed-websocket-9.0.65.jar:/Users/carlosfernandes/.m2/repository/org/springframework/spring-web/5.3.22/spring-web-5.3.22.jar:/Users/carlosfernandes/.m2/repository/org/springframework/spring-webmvc/5.3.22/spring-webmvc-5.3.22.jar:/Users/carlosfernandes/.m2/repository/org/springframework/spring-expression/5.3.22/spring-expression-5.3.22.jar:/Users/carlosfernandes/.m2/repository/org/springframework/boot/spring-boot-starter-validation/2.7.3/spring-boot-starter-validation-2.7.3.jar:/Users/carlosfernandes/.m2/repository/org/apache/tomcat/embed/tomcat-embed-el/9.0.65/tomcat-embed-el-9.0.65.jar:/Users/carlosfernandes/.m2/repository/org/hibernate/validator/hibernate-validator/6.2.4.Final/hibernate-validator-6.2.4.Final.jar:/Users/carlosfernandes/.m2/repository/jakarta/validation/jakarta.validation-api/2.0.2/jakarta.validation-api-2.0.2.jar:/Users/carlosfernandes/.m2/repository/org/liquibase/liquibase-core/4.9.1/liquibase-core-4.9.1.jar:/Users/carlosfernandes/.m2/repository/javax/xml/bind/jaxb-api/2.3.1/jaxb-api-2.3.1.jar:/Users/carlosfernandes/.m2/repository/javax/activation/javax.activation-api/1.2.0/javax.activation-api-1.2.0.jar:/Users/carlosfernandes/.m2/repository/org/postgresql/postgresql/42.3.6/postgresql-42.3.6.jar:/Users/carlosfernandes/.m2/repository/org/checkerframework/checker-qual/3.5.0/checker-qual-3.5.0.jar:/Users/carlosfernandes/.m2/repository/org/projectlombok/lombok/1.18.24/lombok-1.18.24.jar:/Users/carlosfernandes/.m2/repository/org/openapitools/openapi-generator/6.1.0/openapi-generator-6.1.0.jar:/Users/carlosfernandes/.m2/repository/io/swagger/core/v3/swagger-core/2.1.12/swagger-core-2.1.12.jar:/Users/carlosfernandes/.m2/repository/com/fasterxml/jackson/core/jackson-annotations/2.13.3/jackson-annotations-2.13.3.jar:/Users/carlosfernandes/.m2/repository/com/fasterxml/jackson/dataformat/jackson-dataformat-yaml/2.13.3/jackson-dataformat-yaml-2.13.3.jar:/Users/carlosfernandes/.m2/repository/io/swagger/core/v3/swagger-annotations/2.1.12/swagger-annotations-2.1.12.jar:/Users/carlosfernandes/.m2/repository/io/swagger/core/v3/swagger-models/2.1.12/swagger-models-2.1.12.jar:/Users/carlosfernandes/.m2/repository/io/swagger/parser/v3/swagger-parser/2.0.31/swagger-parser-2.0.31.jar:/Users/carlosfernandes/.m2/repository/io/swagger/parser/v3/swagger-parser-v2-converter/2.0.31/swagger-parser-v2-converter-2.0.31.jar:/Users/carlosfernandes/.m2/repository/io/swagger/swagger-core/1.6.5/swagger-core-1.6.5.jar:/Users/carlosfernandes/.m2/repository/io/swagger/swagger-models/1.6.5/swagger-models-1.6.5.jar:/Users/carlosfernandes/.m2/repository/io/swagger/swagger-annotations/1.6.5/swagger-annotations-1.6.5.jar:/Users/carlosfernandes/.m2/repository/javax/validation/validation-api/2.0.1.Final/validation-api-2.0.1.Final.jar:/Users/carlosfernandes/.m2/repository/io/swagger/swagger-parser/1.0.57/swagger-parser-1.0.57.jar:/Users/carlosfernandes/.m2/repository/io/swagger/swagger-compat-spec-parser/1.0.57/swagger-compat-spec-parser-1.0.57.jar:/Users/carlosfernandes/.m2/repository/com/github/java-json-tools/json-schema-validator/2.2.14/json-schema-validator-2.2.14.jar:/Users/carlosfernandes/.m2/repository/com/github/java-json-tools/jackson-coreutils-equivalence/1.0/jackson-coreutils-equivalence-1.0.jar:/Users/carlosfernandes/.m2/repository/com/github/java-json-tools/json-schema-core/1.2.14/json-schema-core-1.2.14.jar:/Users/carlosfernandes/.m2/repository/com/github/java-json-tools/uri-template/0.10/uri-template-0.10.jar:/Users/carlosfernandes/.m2/repository/org/mozilla/rhino/1.7.7.2/rhino-1.7.7.2.jar:/Users/carlosfernandes/.m2/repository/com/sun/mail/mailapi/1.6.2/mailapi-1.6.2.jar:/Users/carlosfernandes/.m2/repository/com/googlecode/libphonenumber/libphonenumber/8.11.1/libphonenumber-8.11.1.jar:/Users/carlosfernandes/.m2/repository/net/sf/jopt-simple/jopt-simple/5.0.4/jopt-simple-5.0.4.jar:/Users/carlosfernandes/.m2/repository/com/github/java-json-tools/json-patch/1.13/json-patch-1.13.jar:/Users/carlosfernandes/.m2/repository/com/github/java-json-tools/msg-simple/1.2/msg-simple-1.2.jar:/Users/carlosfernandes/.m2/repository/com/github/java-json-tools/btf/1.3/btf-1.3.jar:/Users/carlosfernandes/.m2/repository/com/github/java-json-tools/jackson-coreutils/2.0/jackson-coreutils-2.0.jar:/Users/carlosfernandes/.m2/repository/org/apache/httpcomponents/httpclient/4.5.13/httpclient-4.5.13.jar:/Users/carlosfernandes/.m2/repository/org/apache/httpcomponents/httpcore/4.4.15/httpcore-4.4.15.jar:/Users/carlosfernandes/.m2/repository/commons-codec/commons-codec/1.15/commons-codec-1.15.jar:/Users/carlosfernandes/.m2/repository/io/swagger/parser/v3/swagger-parser-core/2.0.31/swagger-parser-core-2.0.31.jar:/Users/carlosfernandes/.m2/repository/io/swagger/parser/v3/swagger-parser-v3/2.0.31/swagger-parser-v3-2.0.31.jar:/Users/carlosfernandes/.m2/repository/com/samskivert/jmustache/1.15/jmustache-1.15.jar:/Users/carlosfernandes/.m2/repository/com/github/jknack/handlebars/4.2.1/handlebars-4.2.1.jar:/Users/carlosfernandes/.m2/repository/com/github/jknack/handlebars-jackson2/4.2.1/handlebars-jackson2-4.2.1.jar:/Users/carlosfernandes/.m2/repository/commons-io/commons-io/2.11.0/commons-io-2.11.0.jar:/Users/carlosfernandes/.m2/repository/org/slf4j/slf4j-ext/1.7.36/slf4j-ext-1.7.36.jar:/Users/carlosfernandes/.m2/repository/org/slf4j/slf4j-api/1.7.36/slf4j-api-1.7.36.jar:/Users/carlosfernandes/.m2/repository/org/slf4j/slf4j-simple/1.7.36/slf4j-simple-1.7.36.jar:/Users/carlosfernandes/.m2/repository/org/apache/commons/commons-lang3/3.12.0/commons-lang3-3.12.0.jar:/Users/carlosfernandes/.m2/repository/org/apache/commons/commons-text/1.9/commons-text-1.9.jar:/Users/carlosfernandes/.m2/repository/commons-cli/commons-cli/1.4/commons-cli-1.4.jar:/Users/carlosfernandes/.m2/repository/com/google/guava/guava/30.1.1-jre/guava-30.1.1-jre.jar:/Users/carlosfernandes/.m2/repository/com/google/guava/failureaccess/1.0.1/failureaccess-1.0.1.jar:/Users/carlosfernandes/.m2/repository/com/google/guava/listenablefuture/9999.0-empty-to-avoid-conflict-with-guava/listenablefuture-9999.0-empty-to-avoid-conflict-with-guava.jar:/Users/carlosfernandes/.m2/repository/com/google/code/findbugs/jsr305/3.0.2/jsr305-3.0.2.jar:/Users/carlosfernandes/.m2/repository/com/google/errorprone/error_prone_annotations/2.5.1/error_prone_annotations-2.5.1.jar:/Users/carlosfernandes/.m2/repository/com/google/j2objc/j2objc-annotations/1.3/j2objc-annotations-1.3.jar:/Users/carlosfernandes/.m2/repository/com/fasterxml/jackson/datatype/jackson-datatype-guava/2.13.3/jackson-datatype-guava-2.13.3.jar:/Users/carlosfernandes/.m2/repository/com/fasterxml/jackson/core/jackson-core/2.13.3/jackson-core-2.13.3.jar:/Users/carlosfernandes/.m2/repository/com/atlassian/commonmark/commonmark/0.11.0/commonmark-0.11.0.jar:/Users/carlosfernandes/.m2/repository/com/github/mifmif/generex/1.0.2/generex-1.0.2.jar:/Users/carlosfernandes/.m2/repository/dk/brics/automaton/automaton/1.11-8/automaton-1.11-8.jar:/Users/carlosfernandes/.m2/repository/com/github/curious-odd-man/rgxgen/1.3/rgxgen-1.3.jar:/Users/carlosfernandes/.m2/repository/com/fasterxml/jackson/core/jackson-databind/2.13.3/jackson-databind-2.13.3.jar:/Users/carlosfernandes/.m2/repository/com/fasterxml/jackson/datatype/jackson-datatype-joda/2.13.3/jackson-datatype-joda-2.13.3.jar:/Users/carlosfernandes/.m2/repository/joda-time/joda-time/2.10.8/joda-time-2.10.8.jar:/Users/carlosfernandes/.m2/repository/com/github/joschi/jackson/jackson-datatype-threetenbp/2.10.0/jackson-datatype-threetenbp-2.10.0.jar:/Users/carlosfernandes/.m2/repository/org/threeten/threetenbp/1.4.0/threetenbp-1.4.0.jar:/Users/carlosfernandes/.m2/repository/org/openapitools/openapi-generator-core/6.1.0/openapi-generator-core-6.1.0.jar:/Users/carlosfernandes/.m2/repository/net/java/dev/jna/jna/5.5.0/jna-5.5.0.jar:/Users/carlosfernandes/.m2/repository/com/github/ben-manes/caffeine/caffeine/2.9.3/caffeine-2.9.3.jar:/Users/carlosfernandes/.m2/repository/org/openapitools/jackson-databind-nullable/0.2.3/jackson-databind-nullable-0.2.3.jar:/Users/carlosfernandes/.m2/repository/org/mapstruct/mapstruct/1.5.2.Final/mapstruct-1.5.2.Final.jar:/Users/carlosfernandes/.m2/repository/org/projectlombok/lombok-mapstruct-binding/0.2.0/lombok-mapstruct-binding-0.2.0.jar:/Users/carlosfernandes/.m2/repository/org/springframework/boot/spring-boot-starter-test/2.7.3/spring-boot-starter-test-2.7.3.jar:/Users/carlosfernandes/.m2/repository/org/springframework/boot/spring-boot-test/2.7.3/spring-boot-test-2.7.3.jar:/Users/carlosfernandes/.m2/repository/org/springframework/boot/spring-boot-test-autoconfigure/2.7.3/spring-boot-test-autoconfigure-2.7.3.jar:/Users/carlosfernandes/.m2/repository/com/jayway/jsonpath/json-path/2.7.0/json-path-2.7.0.jar:/Users/carlosfernandes/.m2/repository/net/minidev/json-smart/2.4.8/json-smart-2.4.8.jar:/Users/carlosfernandes/.m2/repository/net/minidev/accessors-smart/2.4.8/accessors-smart-2.4.8.jar:/Users/carlosfernandes/.m2/repository/org/ow2/asm/asm/9.1/asm-9.1.jar:/Users/carlosfernandes/.m2/repository/jakarta/xml/bind/jakarta.xml.bind-api/2.3.3/jakarta.xml.bind-api-2.3.3.jar:/Users/carlosfernandes/.m2/repository/jakarta/activation/jakarta.activation-api/1.2.2/jakarta.activation-api-1.2.2.jar:/Users/carlosfernandes/.m2/repository/org/assertj/assertj-core/3.22.0/assertj-core-3.22.0.jar:/Users/carlosfernandes/.m2/repository/org/hamcrest/hamcrest/2.2/hamcrest-2.2.jar:/Users/carlosfernandes/.m2/repository/org/junit/jupiter/junit-jupiter/5.8.2/junit-jupiter-5.8.2.jar:/Users/carlosfernandes/.m2/repository/org/junit/jupiter/junit-jupiter-api/5.8.2/junit-jupiter-api-5.8.2.jar:/Users/carlosfernandes/.m2/repository/org/opentest4j/opentest4j/1.2.0/opentest4j-1.2.0.jar:/Users/carlosfernandes/.m2/repository/org/junit/platform/junit-platform-commons/1.8.2/junit-platform-commons-1.8.2.jar:/Users/carlosfernandes/.m2/repository/org/apiguardian/apiguardian-api/1.1.2/apiguardian-api-1.1.2.jar:/Users/carlosfernandes/.m2/repository/org/junit/jupiter/junit-jupiter-params/5.8.2/junit-jupiter-params-5.8.2.jar:/Users/carlosfernandes/.m2/repository/org/junit/jupiter/junit-jupiter-engine/5.8.2/junit-jupiter-engine-5.8.2.jar:/Users/carlosfernandes/.m2/repository/org/junit/platform/junit-platform-engine/1.8.2/junit-platform-engine-1.8.2.jar:/Users/carlosfernandes/.m2/repository/org/mockito/mockito-junit-jupiter/4.5.1/mockito-junit-jupiter-4.5.1.jar:/Users/carlosfernandes/.m2/repository/org/skyscreamer/jsonassert/1.5.1/jsonassert-1.5.1.jar:/Users/carlosfernandes/.m2/repository/com/vaadin/external/google/android-json/0.0.20131108.vaadin1/android-json-0.0.20131108.vaadin1.jar:/Users/carlosfernandes/.m2/repository/org/springframework/spring-core/5.3.22/spring-core-5.3.22.jar:/Users/carlosfernandes/.m2/repository/org/springframework/spring-jcl/5.3.22/spring-jcl-5.3.22.jar:/Users/carlosfernandes/.m2/repository/org/springframework/spring-test/5.3.22/spring-test-5.3.22.jar:/Users/carlosfernandes/.m2/repository/org/xmlunit/xmlunit-core/2.9.0/xmlunit-core-2.9.0.jar:/Users/carlosfernandes/.m2/repository/org/mockito/mockito-core/4.5.1/mockito-core-4.5.1.jar:/Users/carlosfernandes/.m2/repository/net/bytebuddy/byte-buddy/1.12.13/byte-buddy-1.12.13.jar:/Users/carlosfernandes/.m2/repository/net/bytebuddy/byte-buddy-agent/1.12.13/byte-buddy-agent-1.12.13.jar:/Users/carlosfernandes/.m2/repository/org/objenesis/objenesis/3.2/objenesis-3.2.jar:/Users/carlosfernandes/.m2/repository/com/h2database/h2/2.1.214/h2-2.1.214.jar:"/>
    <property name="java.vm.vendor" value="Eclipse Adoptium"/>
    <property name="sun.arch.data.model" value="64"/>
    <property name="java.vendor.url" value="https://adoptium.net/"/>
    <property name="os.name" value="Mac OS X"/>
    <property name="java.vm.specification.version" value="17"/>
    <property name="sun.java.launcher" value="SUN_STANDARD"/>
    <property name="user.country" value="BR"/>
    <property name="sun.boot.library.path" value="/Users/carlosfernandes/.sdkman/candidates/java/17.0.6-tem/lib"/>
    <property name="sun.java.command" value="/Users/carlosfernandes/Projects/ipl/XptoTracking-TelemetryMS/target/surefire/surefirebooter18399997218924813039.jar /Users/carlosfernandes/Projects/ipl/XptoTracking-TelemetryMS/target/surefire 2023-03-05T16-21-33_693-jvmRun1 surefire12885122433055101313tmp surefire_012145274505514276397tmp"/>
    <property name="http.nonProxyHosts" value="local|*.local|169.254/16|*.169.254/16"/>
    <property name="jdk.debug" value="release"/>
    <property name="surefire.test.class.path" value="/Users/carlosfernandes/Projects/ipl/XptoTracking-TelemetryMS/target/test-classes:/Users/carlosfernandes/Projects/ipl/XptoTracking-TelemetryMS/target/classes:/Users/carlosfernandes/.m2/repository/org/springframework/boot/spring-boot-starter-data-jpa/2.7.3/spring-boot-starter-data-jpa-2.7.3.jar:/Users/carlosfernandes/.m2/repository/org/springframework/boot/spring-boot-starter-aop/2.7.3/spring-boot-starter-aop-2.7.3.jar:/Users/carlosfernandes/.m2/repository/org/springframework/spring-aop/5.3.22/spring-aop-5.3.22.jar:/Users/carlosfernandes/.m2/repository/org/aspectj/aspectjweaver/1.9.7/aspectjweaver-1.9.7.jar:/Users/carlosfernandes/.m2/repository/org/springframework/boot/spring-boot-starter-jdbc/2.7.3/spring-boot-starter-jdbc-2.7.3.jar:/Users/carlosfernandes/.m2/repository/com/zaxxer/HikariCP/4.0.3/HikariCP-4.0.3.jar:/Users/carlosfernandes/.m2/repository/org/springframework/spring-jdbc/5.3.22/spring-jdbc-5.3.22.jar:/Users/carlosfernandes/.m2/repository/jakarta/transaction/jakarta.transaction-api/1.3.3/jakarta.transaction-api-1.3.3.jar:/Users/carlosfernandes/.m2/repository/jakarta/persistence/jakarta.persistence-api/2.2.3/jakarta.persistence-api-2.2.3.jar:/Users/carlosfernandes/.m2/repository/org/hibernate/hibernate-core/5.6.10.Final/hibernate-core-5.6.10.Final.jar:/Users/carlosfernandes/.m2/repository/org/jboss/logging/jboss-logging/3.4.3.Final/jboss-logging-3.4.3.Final.jar:/Users/carlosfernandes/.m2/repository/antlr/antlr/2.7.7/antlr-2.7.7.jar:/Users/carlosfernandes/.m2/repository/org/jboss/jandex/2.4.2.Final/jandex-2.4.2.Final.jar:/Users/carlosfernandes/.m2/repository/com/fasterxml/classmate/1.5.1/classmate-1.5.1.jar:/Users/carlosfernandes/.m2/repository/org/hibernate/common/hibernate-commons-annotations/5.1.2.Final/hibernate-commons-annotations-5.1.2.Final.jar:/Users/carlosfernandes/.m2/repository/org/glassfish/jaxb/jaxb-runtime/2.3.6/jaxb-runtime-2.3.6.jar:/Users/carlosfernandes/.m2/repository/org/glassfish/jaxb/txw2/2.3.6/txw2-2.3.6.jar:/Users/carlosfernandes/.m2/repository/com/sun/istack/istack-commons-runtime/3.0.12/istack-commons-runtime-3.0.12.jar:/Users/carlosfernandes/.m2/repository/com/sun/activation/jakarta.activation/1.2.2/jakarta.activation-1.2.2.jar:/Users/carlosfernandes/.m2/repository/org/springframework/data/spring-data-jpa/2.7.2/spring-data-jpa-2.7.2.jar:/Users/carlosfernandes/.m2/repository/org/springframework/data/spring-data-commons/2.7.2/spring-data-commons-2.7.2.jar:/Users/carlosfernandes/.m2/repository/org/springframework/spring-orm/5.3.22/spring-orm-5.3.22.jar:/Users/carlosfernandes/.m2/repository/org/springframework/spring-context/5.3.22/spring-context-5.3.22.jar:/Users/carlosfernandes/.m2/repository/org/springframework/spring-tx/5.3.22/spring-tx-5.3.22.jar:/Users/carlosfernandes/.m2/repository/org/springframework/spring-beans/5.3.22/spring-beans-5.3.22.jar:/Users/carlosfernandes/.m2/repository/org/springframework/spring-aspects/5.3.22/spring-aspects-5.3.22.jar:/Users/carlosfernandes/.m2/repository/org/springframework/boot/spring-boot-starter-web/2.7.3/spring-boot-starter-web-2.7.3.jar:/Users/carlosfernandes/.m2/repository/org/springframework/boot/spring-boot-starter/2.7.3/spring-boot-starter-2.7.3.jar:/Users/carlosfernandes/.m2/repository/org/springframework/boot/spring-boot/2.7.3/spring-boot-2.7.3.jar:/Users/carlosfernandes/.m2/repository/org/springframework/boot/spring-boot-autoconfigure/2.7.3/spring-boot-autoconfigure-2.7.3.jar:/Users/carlosfernandes/.m2/repository/org/springframework/boot/spring-boot-starter-logging/2.7.3/spring-boot-starter-logging-2.7.3.jar:/Users/carlosfernandes/.m2/repository/ch/qos/logback/logback-classic/1.2.11/logback-classic-1.2.11.jar:/Users/carlosfernandes/.m2/repository/ch/qos/logback/logback-core/1.2.11/logback-core-1.2.11.jar:/Users/carlosfernandes/.m2/repository/org/apache/logging/log4j/log4j-to-slf4j/2.17.2/log4j-to-slf4j-2.17.2.jar:/Users/carlosfernandes/.m2/repository/org/apache/logging/log4j/log4j-api/2.17.2/log4j-api-2.17.2.jar:/Users/carlosfernandes/.m2/repository/org/slf4j/jul-to-slf4j/1.7.36/jul-to-slf4j-1.7.36.jar:/Users/carlosfernandes/.m2/repository/jakarta/annotation/jakarta.annotation-api/1.3.5/jakarta.annotation-api-1.3.5.jar:/Users/carlosfernandes/.m2/repository/org/yaml/snakeyaml/1.30/snakeyaml-1.30.jar:/Users/carlosfernandes/.m2/repository/org/springframework/boot/spring-boot-starter-json/2.7.3/spring-boot-starter-json-2.7.3.jar:/Users/carlosfernandes/.m2/repository/com/fasterxml/jackson/datatype/jackson-datatype-jdk8/2.13.3/jackson-datatype-jdk8-2.13.3.jar:/Users/carlosfernandes/.m2/repository/com/fasterxml/jackson/datatype/jackson-datatype-jsr310/2.13.3/jackson-datatype-jsr310-2.13.3.jar:/Users/carlosfernandes/.m2/repository/com/fasterxml/jackson/module/jackson-module-parameter-names/2.13.3/jackson-module-parameter-names-2.13.3.jar:/Users/carlosfernandes/.m2/repository/org/springframework/boot/spring-boot-starter-tomcat/2.7.3/spring-boot-starter-tomcat-2.7.3.jar:/Users/carlosfernandes/.m2/repository/org/apache/tomcat/embed/tomcat-embed-core/9.0.65/tomcat-embed-core-9.0.65.jar:/Users/carlosfernandes/.m2/repository/org/apache/tomcat/embed/tomcat-embed-websocket/9.0.65/tomcat-embed-websocket-9.0.65.jar:/Users/carlosfernandes/.m2/repository/org/springframework/spring-web/5.3.22/spring-web-5.3.22.jar:/Users/carlosfernandes/.m2/repository/org/springframework/spring-webmvc/5.3.22/spring-webmvc-5.3.22.jar:/Users/carlosfernandes/.m2/repository/org/springframework/spring-expression/5.3.22/spring-expression-5.3.22.jar:/Users/carlosfernandes/.m2/repository/org/springframework/boot/spring-boot-starter-validation/2.7.3/spring-boot-starter-validation-2.7.3.jar:/Users/carlosfernandes/.m2/repository/org/apache/tomcat/embed/tomcat-embed-el/9.0.65/tomcat-embed-el-9.0.65.jar:/Users/carlosfernandes/.m2/repository/org/hibernate/validator/hibernate-validator/6.2.4.Final/hibernate-validator-6.2.4.Final.jar:/Users/carlosfernandes/.m2/repository/jakarta/validation/jakarta.validation-api/2.0.2/jakarta.validation-api-2.0.2.jar:/Users/carlosfernandes/.m2/repository/org/liquibase/liquibase-core/4.9.1/liquibase-core-4.9.1.jar:/Users/carlosfernandes/.m2/repository/javax/xml/bind/jaxb-api/2.3.1/jaxb-api-2.3.1.jar:/Users/carlosfernandes/.m2/repository/javax/activation/javax.activation-api/1.2.0/javax.activation-api-1.2.0.jar:/Users/carlosfernandes/.m2/repository/org/postgresql/postgresql/42.3.6/postgresql-42.3.6.jar:/Users/carlosfernandes/.m2/repository/org/checkerframework/checker-qual/3.5.0/checker-qual-3.5.0.jar:/Users/carlosfernandes/.m2/repository/org/projectlombok/lombok/1.18.24/lombok-1.18.24.jar:/Users/carlosfernandes/.m2/repository/org/openapitools/openapi-generator/6.1.0/openapi-generator-6.1.0.jar:/Users/carlosfernandes/.m2/repository/io/swagger/core/v3/swagger-core/2.1.12/swagger-core-2.1.12.jar:/Users/carlosfernandes/.m2/repository/com/fasterxml/jackson/core/jackson-annotations/2.13.3/jackson-annotations-2.13.3.jar:/Users/carlosfernandes/.m2/repository/com/fasterxml/jackson/dataformat/jackson-dataformat-yaml/2.13.3/jackson-dataformat-yaml-2.13.3.jar:/Users/carlosfernandes/.m2/repository/io/swagger/core/v3/swagger-annotations/2.1.12/swagger-annotations-2.1.12.jar:/Users/carlosfernandes/.m2/repository/io/swagger/core/v3/swagger-models/2.1.12/swagger-models-2.1.12.jar:/Users/carlosfernandes/.m2/repository/io/swagger/parser/v3/swagger-parser/2.0.31/swagger-parser-2.0.31.jar:/Users/carlosfernandes/.m2/repository/io/swagger/parser/v3/swagger-parser-v2-converter/2.0.31/swagger-parser-v2-converter-2.0.31.jar:/Users/carlosfernandes/.m2/repository/io/swagger/swagger-core/1.6.5/swagger-core-1.6.5.jar:/Users/carlosfernandes/.m2/repository/io/swagger/swagger-models/1.6.5/swagger-models-1.6.5.jar:/Users/carlosfernandes/.m2/repository/io/swagger/swagger-annotations/1.6.5/swagger-annotations-1.6.5.jar:/Users/carlosfernandes/.m2/repository/javax/validation/validation-api/2.0.1.Final/validation-api-2.0.1.Final.jar:/Users/carlosfernandes/.m2/repository/io/swagger/swagger-parser/1.0.57/swagger-parser-1.0.57.jar:/Users/carlosfernandes/.m2/repository/io/swagger/swagger-compat-spec-parser/1.0.57/swagger-compat-spec-parser-1.0.57.jar:/Users/carlosfernandes/.m2/repository/com/github/java-json-tools/json-schema-validator/2.2.14/json-schema-validator-2.2.14.jar:/Users/carlosfernandes/.m2/repository/com/github/java-json-tools/jackson-coreutils-equivalence/1.0/jackson-coreutils-equivalence-1.0.jar:/Users/carlosfernandes/.m2/repository/com/github/java-json-tools/json-schema-core/1.2.14/json-schema-core-1.2.14.jar:/Users/carlosfernandes/.m2/repository/com/github/java-json-tools/uri-template/0.10/uri-template-0.10.jar:/Users/carlosfernandes/.m2/repository/org/mozilla/rhino/1.7.7.2/rhino-1.7.7.2.jar:/Users/carlosfernandes/.m2/repository/com/sun/mail/mailapi/1.6.2/mailapi-1.6.2.jar:/Users/carlosfernandes/.m2/repository/com/googlecode/libphonenumber/libphonenumber/8.11.1/libphonenumber-8.11.1.jar:/Users/carlosfernandes/.m2/repository/net/sf/jopt-simple/jopt-simple/5.0.4/jopt-simple-5.0.4.jar:/Users/carlosfernandes/.m2/repository/com/github/java-json-tools/json-patch/1.13/json-patch-1.13.jar:/Users/carlosfernandes/.m2/repository/com/github/java-json-tools/msg-simple/1.2/msg-simple-1.2.jar:/Users/carlosfernandes/.m2/repository/com/github/java-json-tools/btf/1.3/btf-1.3.jar:/Users/carlosfernandes/.m2/repository/com/github/java-json-tools/jackson-coreutils/2.0/jackson-coreutils-2.0.jar:/Users/carlosfernandes/.m2/repository/org/apache/httpcomponents/httpclient/4.5.13/httpclient-4.5.13.jar:/Users/carlosfernandes/.m2/repository/org/apache/httpcomponents/httpcore/4.4.15/httpcore-4.4.15.jar:/Users/carlosfernandes/.m2/repository/commons-codec/commons-codec/1.15/commons-codec-1.15.jar:/Users/carlosfernandes/.m2/repository/io/swagger/parser/v3/swagger-parser-core/2.0.31/swagger-parser-core-2.0.31.jar:/Users/carlosfernandes/.m2/repository/io/swagger/parser/v3/swagger-parser-v3/2.0.31/swagger-parser-v3-2.0.31.jar:/Users/carlosfernandes/.m2/repository/com/samskivert/jmustache/1.15/jmustache-1.15.jar:/Users/carlosfernandes/.m2/repository/com/github/jknack/handlebars/4.2.1/handlebars-4.2.1.jar:/Users/carlosfernandes/.m2/repository/com/github/jknack/handlebars-jackson2/4.2.1/handlebars-jackson2-4.2.1.jar:/Users/carlosfernandes/.m2/repository/commons-io/commons-io/2.11.0/commons-io-2.11.0.jar:/Users/carlosfernandes/.m2/repository/org/slf4j/slf4j-ext/1.7.36/slf4j-ext-1.7.36.jar:/Users/carlosfernandes/.m2/repository/org/slf4j/slf4j-api/1.7.36/slf4j-api-1.7.36.jar:/Users/carlosfernandes/.m2/repository/org/slf4j/slf4j-simple/1.7.36/slf4j-simple-1.7.36.jar:/Users/carlosfernandes/.m2/repository/org/apache/commons/commons-lang3/3.12.0/commons-lang3-3.12.0.jar:/Users/carlosfernandes/.m2/repository/org/apache/commons/commons-text/1.9/commons-text-1.9.jar:/Users/carlosfernandes/.m2/repository/commons-cli/commons-cli/1.4/commons-cli-1.4.jar:/Users/carlosfernandes/.m2/repository/com/google/guava/guava/30.1.1-jre/guava-30.1.1-jre.jar:/Users/carlosfernandes/.m2/repository/com/google/guava/failureaccess/1.0.1/failureaccess-1.0.1.jar:/Users/carlosfernandes/.m2/repository/com/google/guava/listenablefuture/9999.0-empty-to-avoid-conflict-with-guava/listenablefuture-9999.0-empty-to-avoid-conflict-with-guava.jar:/Users/carlosfernandes/.m2/repository/com/google/code/findbugs/jsr305/3.0.2/jsr305-3.0.2.jar:/Users/carlosfernandes/.m2/repository/com/google/errorprone/error_prone_annotations/2.5.1/error_prone_annotations-2.5.1.jar:/Users/carlosfernandes/.m2/repository/com/google/j2objc/j2objc-annotations/1.3/j2objc-annotations-1.3.jar:/Users/carlosfernandes/.m2/repository/com/fasterxml/jackson/datatype/jackson-datatype-guava/2.13.3/jackson-datatype-guava-2.13.3.jar:/Users/carlosfernandes/.m2/repository/com/fasterxml/jackson/core/jackson-core/2.13.3/jackson-core-2.13.3.jar:/Users/carlosfernandes/.m2/repository/com/atlassian/commonmark/commonmark/0.11.0/commonmark-0.11.0.jar:/Users/carlosfernandes/.m2/repository/com/github/mifmif/generex/1.0.2/generex-1.0.2.jar:/Users/carlosfernandes/.m2/repository/dk/brics/automaton/automaton/1.11-8/automaton-1.11-8.jar:/Users/carlosfernandes/.m2/repository/com/github/curious-odd-man/rgxgen/1.3/rgxgen-1.3.jar:/Users/carlosfernandes/.m2/repository/com/fasterxml/jackson/core/jackson-databind/2.13.3/jackson-databind-2.13.3.jar:/Users/carlosfernandes/.m2/repository/com/fasterxml/jackson/datatype/jackson-datatype-joda/2.13.3/jackson-datatype-joda-2.13.3.jar:/Users/carlosfernandes/.m2/repository/joda-time/joda-time/2.10.8/joda-time-2.10.8.jar:/Users/carlosfernandes/.m2/repository/com/github/joschi/jackson/jackson-datatype-threetenbp/2.10.0/jackson-datatype-threetenbp-2.10.0.jar:/Users/carlosfernandes/.m2/repository/org/threeten/threetenbp/1.4.0/threetenbp-1.4.0.jar:/Users/carlosfernandes/.m2/repository/org/openapitools/openapi-generator-core/6.1.0/openapi-generator-core-6.1.0.jar:/Users/carlosfernandes/.m2/repository/net/java/dev/jna/jna/5.5.0/jna-5.5.0.jar:/Users/carlosfernandes/.m2/repository/com/github/ben-manes/caffeine/caffeine/2.9.3/caffeine-2.9.3.jar:/Users/carlosfernandes/.m2/repository/org/openapitools/jackson-databind-nullable/0.2.3/jackson-databind-nullable-0.2.3.jar:/Users/carlosfernandes/.m2/repository/org/mapstruct/mapstruct/1.5.2.Final/mapstruct-1.5.2.Final.jar:/Users/carlosfernandes/.m2/repository/org/projectlombok/lombok-mapstruct-binding/0.2.0/lombok-mapstruct-binding-0.2.0.jar:/Users/carlosfernandes/.m2/repository/org/springframework/boot/spring-boot-starter-test/2.7.3/spring-boot-starter-test-2.7.3.jar:/Users/carlosfernandes/.m2/repository/org/springframework/boot/spring-boot-test/2.7.3/spring-boot-test-2.7.3.jar:/Users/carlosfernandes/.m2/repository/org/springframework/boot/spring-boot-test-autoconfigure/2.7.3/spring-boot-test-autoconfigure-2.7.3.jar:/Users/carlosfernandes/.m2/repository/com/jayway/jsonpath/json-path/2.7.0/json-path-2.7.0.jar:/Users/carlosfernandes/.m2/repository/net/minidev/json-smart/2.4.8/json-smart-2.4.8.jar:/Users/carlosfernandes/.m2/repository/net/minidev/accessors-smart/2.4.8/accessors-smart-2.4.8.jar:/Users/carlosfernandes/.m2/repository/org/ow2/asm/asm/9.1/asm-9.1.jar:/Users/carlosfernandes/.m2/repository/jakarta/xml/bind/jakarta.xml.bind-api/2.3.3/jakarta.xml.bind-api-2.3.3.jar:/Users/carlosfernandes/.m2/repository/jakarta/activation/jakarta.activation-api/1.2.2/jakarta.activation-api-1.2.2.jar:/Users/carlosfernandes/.m2/repository/org/assertj/assertj-core/3.22.0/assertj-core-3.22.0.jar:/Users/carlosfernandes/.m2/repository/org/hamcrest/hamcrest/2.2/hamcrest-2.2.jar:/Users/carlosfernandes/.m2/repository/org/junit/jupiter/junit-jupiter/5.8.2/junit-jupiter-5.8.2.jar:/Users/carlosfernandes/.m2/repository/org/junit/jupiter/junit-jupiter-api/5.8.2/junit-jupiter-api-5.8.2.jar:/Users/carlosfernandes/.m2/repository/org/opentest4j/opentest4j/1.2.0/opentest4j-1.2.0.jar:/Users/carlosfernandes/.m2/repository/org/junit/platform/junit-platform-commons/1.8.2/junit-platform-commons-1.8.2.jar:/Users/carlosfernandes/.m2/repository/org/apiguardian/apiguardian-api/1.1.2/apiguardian-api-1.1.2.jar:/Users/carlosfernandes/.m2/repository/org/junit/jupiter/junit-jupiter-params/5.8.2/junit-jupiter-params-5.8.2.jar:/Users/carlosfernandes/.m2/repository/org/junit/jupiter/junit-jupiter-engine/5.8.2/junit-jupiter-engine-5.8.2.jar:/Users/carlosfernandes/.m2/repository/org/junit/platform/junit-platform-engine/1.8.2/junit-platform-engine-1.8.2.jar:/Users/carlosfernandes/.m2/repository/org/mockito/mockito-junit-jupiter/4.5.1/mockito-junit-jupiter-4.5.1.jar:/Users/carlosfernandes/.m2/repository/org/skyscreamer/jsonassert/1.5.1/jsonassert-1.5.1.jar:/Users/carlosfernandes/.m2/repository/com/vaadin/external/google/android-json/0.0.20131108.vaadin1/android-json-0.0.20131108.vaadin1.jar:/Users/carlosfernandes/.m2/repository/org/springframework/spring-core/5.3.22/spring-core-5.3.22.jar:/Users/carlosfernandes/.m2/repository/org/springframework/spring-jcl/5.3.22/spring-jcl-5.3.22.jar:/Users/carlosfernandes/.m2/repository/org/springframework/spring-test/5.3.22/spring-test-5.3.22.jar:/Users/carlosfernandes/.m2/repository/org/xmlunit/xmlunit-core/2.9.0/xmlunit-core-2.9.0.jar:/Users/carlosfernandes/.m2/repository/org/mockito/mockito-core/4.5.1/mockito-core-4.5.1.jar:/Users/carlosfernandes/.m2/repository/net/bytebuddy/byte-buddy/1.12.13/byte-buddy-1.12.13.jar:/Users/carlosfernandes/.m2/repository/net/bytebuddy/byte-buddy-agent/1.12.13/byte-buddy-agent-1.12.13.jar:/Users/carlosfernandes/.m2/repository/org/objenesis/objenesis/3.2/objenesis-3.2.jar:/Users/carlosfernandes/.m2/repository/com/h2database/h2/2.1.214/h2-2.1.214.jar:"/>
    <property name="sun.cpu.endian" value="little"/>
    <property name="user.home" value="/Users/carlosfernandes"/>
    <property name="user.language" value="pt"/>
    <property name="java.specification.vendor" value="Oracle Corporation"/>
    <property name="java.version.date" value="2023-01-17"/>
    <property name="java.home" value="/Users/carlosfernandes/.sdkman/candidates/java/17.0.6-tem"/>
    <property name="file.separator" value="/"/>
    <property name="basedir" value="/Users/carlosfernandes/Projects/ipl/XptoTracking-TelemetryMS"/>
    <property name="java.vm.compressedOopsMode" value="Zero based"/>
    <property name="line.separator" value="&#10;"/>
    <property name="java.vm.specification.vendor" value="Oracle Corporation"/>
    <property name="java.specification.name" value="Java Platform API Specification"/>
    <property name="surefire.real.class.path" value="/Users/carlosfernandes/Projects/ipl/XptoTracking-TelemetryMS/target/surefire/surefirebooter18399997218924813039.jar"/>
    <property name="sun.management.compiler" value="HotSpot 64-Bit Tiered Compilers"/>
    <property name="ftp.nonProxyHosts" value="local|*.local|169.254/16|*.169.254/16"/>
    <property name="java.runtime.version" value="17.0.6+10"/>
    <property name="user.name" value="carlosfernandes"/>
    <property name="path.separator" value=":"/>
    <property name="os.version" value="13.2"/>
    <property name="java.runtime.name" value="OpenJDK Runtime Environment"/>
    <property name="file.encoding" value="UTF-8"/>
    <property name="java.vm.name" value="OpenJDK 64-Bit Server VM"/>
    <property name="java.vendor.version" value="Temurin-17.0.6+10"/>
    <property name="localRepository" value="/Users/carlosfernandes/.m2/repository"/>
    <property name="java.vendor.url.bug" value="https://github.com/adoptium/adoptium-support/issues"/>
    <property name="java.io.tmpdir" value="/var/folders/hc/4h0dw2ps2y98k2n8bk1m304c0000gn/T/"/>
    <property name="idea.version" value="2022.3.2"/>
    <property name="java.version" value="17.0.6"/>
    <property name="user.dir" value="/Users/carlosfernandes/Projects/ipl/XptoTracking-TelemetryMS"/>
    <property name="os.arch" value="x86_64"/>
    <property name="java.vm.specification.name" value="Java Virtual Machine Specification"/>
    <property name="native.encoding" value="UTF-8"/>
    <property name="java.library.path" value="/Users/carlosfernandes/Library/Java/Extensions:/Library/Java/Extensions:/Network/Library/Java/Extensions:/System/Library/Java/Extensions:/usr/lib/java:."/>
    <property name="java.vm.info" value="mixed mode, sharing"/>
    <property name="java.vendor" value="Eclipse Adoptium"/>
    <property name="java.vm.version" value="17.0.6+10"/>
    <property name="sun.io.unicode.encoding" value="UnicodeBig"/>
    <property name="socksNonProxyHosts" value="local|*.local|169.254/16|*.169.254/16"/>
    <property name="java.class.version" value="61.0"/>
  </properties>
  <testcase name="listEntities" classname="com.tonnie.ipl.xpto.tracking.telemetry.controller.SensorControllerTest" time="0.156"/>
  <testcase name="getEntity" classname="com.tonnie.ipl.xpto.tracking.telemetry.controller.SensorControllerTest" time="0.031"/>
  <testcase name="createEntity" classname="com.tonnie.ipl.xpto.tracking.telemetry.controller.SensorControllerTest" time="0.092"/>
  <testcase name="updateEntity" classname="com.tonnie.ipl.xpto.tracking.telemetry.controller.SensorControllerTest" time="0.014"/>
  <testcase name="updateEntityFailsNotFound" classname="com.tonnie.ipl.xpto.tracking.telemetry.controller.SensorControllerTest" time="0.018"/>
  <testcase name="deleteEntity" classname="com.tonnie.ipl.xpto.tracking.telemetry.controller.SensorControllerTest" time="0.007"/>
  <testcase name="deleteEntityFailsNotFound" classname="com.tonnie.ipl.xpto.tracking.telemetry.controller.SensorControllerTest" time="0.007"/>
  <testcase name="getEntityFailsNotFound" classname="com.tonnie.ipl.xpto.tracking.telemetry.controller.SensorControllerTest" time="0.007"/>
</testsuite>